<?xml version="1.0" encoding="UTF-8"?>
<testsuite xmlns:xsi="http://www.w3.org/2001/XMLSchema-instance" xsi:noNamespaceSchemaLocation="https://maven.apache.org/surefire/maven-surefire-plugin/xsd/surefire-test-report-3.0.xsd" version="3.0" name="UserServiceTest" time="1.464" tests="6" errors="0" skipped="0" failures="0">
  <properties>
[...]
</properties>
  <testcase name="saveUser" classname="UserServiceTest" time="1.201">
    <system-out><![CDATA[Hibernate: DROP TABLE IF EXISTS `user`
Hibernate: CREATE TABLE IF NOT EXISTS `user`(id INT NOT NULL PRIMARY KEY AUTO_INCREMENT, name VARCHAR(255), lastName VARCHAR(255), age TINYINT)
Hibernate: insert into User (age, lastName, name) values (?, ?, ?)
User с именем - Ivan добавлен в базу данных.
Hibernate: select user0_.id as id1_0_, user0_.age as age2_0_, user0_.lastName as lastname3_0_, user0_.name as name4_0_ from User user0_
User{id=1, name='Ivan', lastName='Ivanov', age=5}
]]></system-out>
    <system-err><![CDATA[мар. 28, 2025 1:11:12 PM org.hibernate.Version logVersion
INFO: HHH000412: Hibernate ORM core version 5.6.3.Final
мар. 28, 2025 1:11:12 PM org.hibernate.annotations.common.reflection.java.JavaReflectionManager <clinit>
INFO: HCANN000001: Hibernate Commons Annotations {5.1.2.Final}
мар. 28, 2025 1:11:12 PM org.hibernate.engine.jdbc.connections.internal.DriverManagerConnectionProviderImpl configure
WARN: HHH10001002: Using Hibernate built-in connection pool (not for production use!)
мар. 28, 2025 1:11:12 PM org.hibernate.engine.jdbc.connections.internal.DriverManagerConnectionProviderImpl buildCreator
INFO: HHH10001005: using driver [com.mysql.cj.jdbc.Driver] at URL [jdbc:mysql://localhost:3306/demotest]
мар. 28, 2025 1:11:12 PM org.hibernate.engine.jdbc.connections.internal.DriverManagerConnectionProviderImpl buildCreator
INFO: HHH10001001: Connection properties: {password=****, user=root}
мар. 28, 2025 1:11:12 PM org.hibernate.engine.jdbc.connections.internal.DriverManagerConnectionProviderImpl buildCreator
INFO: HHH10001003: Autocommit mode: false
мар. 28, 2025 1:11:12 PM org.hibernate.engine.jdbc.connections.internal.DriverManagerConnectionProviderImpl$PooledConnections <init>
INFO: HHH000115: Hibernate connection pool size: 20 (min=1)
мар. 28, 2025 1:11:12 PM org.hibernate.dialect.Dialect <init>
INFO: HHH000400: Using dialect: org.hibernate.dialect.MySQL5Dialect
]]></system-err>
  </testcase>
  <testcase name="removeUserById" classname="UserServiceTest" time="0.058">
    <system-out><![CDATA[Hibernate: DROP TABLE IF EXISTS `user`
Hibernate: CREATE TABLE IF NOT EXISTS `user`(id INT NOT NULL PRIMARY KEY AUTO_INCREMENT, name VARCHAR(255), lastName VARCHAR(255), age TINYINT)
Hibernate: insert into User (age, lastName, name) values (?, ?, ?)
User с именем - Ivan добавлен в базу данных.
Hibernate: select user0_.id as id1_0_0_, user0_.age as age2_0_0_, user0_.lastName as lastname3_0_0_, user0_.name as name4_0_0_ from User user0_ where user0_.id=?
Hibernate: delete from User where id=?
]]></system-out>
  </testcase>
  <testcase name="getAllUsers" classname="UserServiceTest" time="0.045">
    <system-out><![CDATA[Hibernate: DROP TABLE IF EXISTS `user`
Hibernate: CREATE TABLE IF NOT EXISTS `user`(id INT NOT NULL PRIMARY KEY AUTO_INCREMENT, name VARCHAR(255), lastName VARCHAR(255), age TINYINT)
Hibernate: insert into User (age, lastName, name) values (?, ?, ?)
User с именем - Ivan добавлен в базу данных.
Hibernate: select user0_.id as id1_0_, user0_.age as age2_0_, user0_.lastName as lastname3_0_, user0_.name as name4_0_ from User user0_
User{id=1, name='Ivan', lastName='Ivanov', age=5}
]]></system-out>
  </testcase>
  <testcase name="dropUsersTable" classname="UserServiceTest" time="0.018">
    <system-out><![CDATA[Hibernate: DROP TABLE IF EXISTS `user`
Hibernate: DROP TABLE IF EXISTS `user`
]]></system-out>
  </testcase>
  <testcase name="createUsersTable" classname="UserServiceTest" time="0.027">
    <system-out><![CDATA[Hibernate: DROP TABLE IF EXISTS `user`
Hibernate: CREATE TABLE IF NOT EXISTS `user`(id INT NOT NULL PRIMARY KEY AUTO_INCREMENT, name VARCHAR(255), lastName VARCHAR(255), age TINYINT)
]]></system-out>
  </testcase>
  <testcase name="cleanUsersTable" classname="UserServiceTest" time="0.077">
    <system-out><![CDATA[Hibernate: DROP TABLE IF EXISTS `user`
Hibernate: CREATE TABLE IF NOT EXISTS `user`(id INT NOT NULL PRIMARY KEY AUTO_INCREMENT, name VARCHAR(255), lastName VARCHAR(255), age TINYINT)
Hibernate: insert into User (age, lastName, name) values (?, ?, ?)
User с именем - Ivan добавлен в базу данных.
Hibernate: DELETE FROM  `user`
Hibernate: select user0_.id as id1_0_, user0_.age as age2_0_, user0_.lastName as lastname3_0_, user0_.name as name4_0_ from User user0_
]]></system-out>
  </testcase>
</testsuite>